Using pre-set license
Built from '2022.3/staging' branch; Version is '2022.3.1f1 (f18e0c1b5784) revision 15830540'; Using compiler version '192829333'; Build Type 'Release'
OS: 'Windows 10  (10.0.19045) 64bit Professional' Language: 'ko' Physical Memory: 16290 MB
BatchMode: 1, IsHumanControllingUs: 0, StartBugReporterOnCrash: 0, Is64bit: 1, IsPro: 1

COMMAND LINE ARGUMENTS:
D:\Program Files\2022.3.1f1\Editor\Unity.exe
-adb2
-batchMode
-noUpm
-name
AssetImportWorker1
-projectPath
M:/Unity_Folder/Dunamis Game Test
-logFile
Logs/AssetImportWorker1.log
-srvPort
1989
Successfully changed project path to: M:/Unity_Folder/Dunamis Game Test
M:/Unity_Folder/Dunamis Game Test
[UnityMemory] Configuration Parameters - Can be set up in boot.config
    "memorysetup-bucket-allocator-granularity=16"
    "memorysetup-bucket-allocator-bucket-count=8"
    "memorysetup-bucket-allocator-block-size=33554432"
    "memorysetup-bucket-allocator-block-count=8"
    "memorysetup-main-allocator-block-size=16777216"
    "memorysetup-thread-allocator-block-size=16777216"
    "memorysetup-gfx-main-allocator-block-size=16777216"
    "memorysetup-gfx-thread-allocator-block-size=16777216"
    "memorysetup-cache-allocator-block-size=4194304"
    "memorysetup-typetree-allocator-block-size=2097152"
    "memorysetup-profiler-bucket-allocator-granularity=16"
    "memorysetup-profiler-bucket-allocator-bucket-count=8"
    "memorysetup-profiler-bucket-allocator-block-size=33554432"
    "memorysetup-profiler-bucket-allocator-block-count=8"
    "memorysetup-profiler-allocator-block-size=16777216"
    "memorysetup-profiler-editor-allocator-block-size=1048576"
    "memorysetup-temp-allocator-size-main=16777216"
    "memorysetup-job-temp-allocator-block-size=2097152"
    "memorysetup-job-temp-allocator-block-size-background=1048576"
    "memorysetup-job-temp-allocator-reduction-small-platforms=262144"
    "memorysetup-allocator-temp-initial-block-size-main=262144"
    "memorysetup-allocator-temp-initial-block-size-worker=262144"
    "memorysetup-temp-allocator-size-background-worker=32768"
    "memorysetup-temp-allocator-size-job-worker=262144"
    "memorysetup-temp-allocator-size-preload-manager=33554432"
    "memorysetup-temp-allocator-size-nav-mesh-worker=65536"
    "memorysetup-temp-allocator-size-audio-worker=65536"
    "memorysetup-temp-allocator-size-cloud-worker=32768"
    "memorysetup-temp-allocator-size-gi-baking-worker=262144"
    "memorysetup-temp-allocator-size-gfx=262144"
Player connection [5544] Host "[IP] 192.168.0.3 [Port] 0 [Flags] 2 [Guid] 3764324428 [EditorId] 3764324428 [Version] 1048832 [Id] WindowsEditor(7,Eric-PC) [Debug] 1 [PackageName] WindowsEditor [ProjectName] Editor" joined multi-casting on [225.0.0.222:54997]...

Player connection [5544] Host "[IP] 192.168.0.3 [Port] 0 [Flags] 2 [Guid] 3764324428 [EditorId] 3764324428 [Version] 1048832 [Id] WindowsEditor(7,Eric-PC) [Debug] 1 [PackageName] WindowsEditor [ProjectName] Editor" joined alternative multi-casting on [225.0.0.222:34997]...

Refreshing native plugins compatible for Editor in 23.04 ms, found 4 plugins.
Preloading 0 native plugins for Editor in 0.00 ms.
Initialize engine version: 2022.3.1f1 (f18e0c1b5784)
[Subsystems] Discovering subsystems at path D:/Program Files/2022.3.1f1/Editor/Data/Resources/UnitySubsystems
[Subsystems] Discovering subsystems at path M:/Unity_Folder/Dunamis Game Test/Assets
GfxDevice: creating device client; threaded=0; jobified=0
Direct3D:
    Version:  Direct3D 11.0 [level 11.1]
    Renderer: NVIDIA GeForce GTX 980 (ID=0x13c0)
    Vendor:   NVIDIA
    VRAM:     4047 MB
    Driver:   31.0.15.2756
Initialize mono
Mono path[0] = 'D:/Program Files/2022.3.1f1/Editor/Data/Managed'
Mono path[1] = 'D:/Program Files/2022.3.1f1/Editor/Data/MonoBleedingEdge/lib/mono/unityjit-win32'
Mono config path = 'D:/Program Files/2022.3.1f1/Editor/Data/MonoBleedingEdge/etc'
Using monoOptions --debugger-agent=transport=dt_socket,embedding=1,server=y,suspend=n,address=127.0.0.1:56944
Begin MonoManager ReloadAssembly
Registering precompiled unity dll's ...
Register platform support module: D:/Program Files/2022.3.1f1/Editor/Data/PlaybackEngines/WindowsStandaloneSupport/UnityEditor.WindowsStandalone.Extensions.dll
Registered in 0.008961 seconds.
- Loaded All Assemblies, in  0.564 seconds
Native extension for WindowsStandalone target not found
Mono: successfully reloaded assembly
- Finished resetting the current domain, in  0.403 seconds
Domain Reload Profiling: 966ms
	BeginReloadAssembly (173ms)
		ExecutionOrderSort (0ms)
		DisableScriptedObjects (0ms)
		BackupInstance (0ms)
		ReleaseScriptingObjects (0ms)
		CreateAndSetChildDomain (1ms)
	RebuildCommonClasses (55ms)
	RebuildNativeTypeToScriptingClass (16ms)
	initialDomainReloadingComplete (81ms)
	LoadAllAssembliesAndSetupDomain (237ms)
		LoadAssemblies (172ms)
		RebuildTransferFunctionScriptingTraits (0ms)
		AnalyzeDomain (230ms)
			TypeCache.Refresh (229ms)
				TypeCache.ScanAssembly (211ms)
			ScanForSourceGeneratedMonoScriptInfo (0ms)
			ResolveRequiredComponents (1ms)
	FinalizeReload (403ms)
		ReleaseScriptCaches (0ms)
		RebuildScriptCaches (0ms)
		SetupLoadedEditorAssemblies (317ms)
			LogAssemblyErrors (0ms)
			InitializePlatformSupportModulesInManaged (12ms)
			SetLoadedEditorAssemblies (14ms)
			RefreshPlugins (0ms)
			BeforeProcessingInitializeOnLoad (3ms)
			ProcessInitializeOnLoadAttributes (185ms)
			ProcessInitializeOnLoadMethodAttributes (103ms)
			AfterProcessingInitializeOnLoad (0ms)
			EditorAssembliesLoaded (0ms)
		ExecutionOrderSort2 (0ms)
		AwakeInstancesAfterBackupRestoration (0ms)
========================================================================
Worker process is ready to serve import requests
Begin MonoManager ReloadAssembly
Symbol file LoadedFromMemory doesn't match image M:\Unity_Folder\Dunamis Game Test\Library\PackageCache\com.unity.visualscripting@1.8.0\Editor\VisualScripting.Core\Dependencies\YamlDotNet\Unity.VisualScripting.YamlDotNet.dll
Symbol file LoadedFromMemory doesn't match image M:\Unity_Folder\Dunamis Game Test\Library\PackageCache\com.unity.visualscripting@1.8.0\Editor\VisualScripting.Core\Dependencies\DotNetZip\Unity.VisualScripting.IonicZip.dll
- Loaded All Assemblies, in  0.982 seconds
Refreshing native plugins compatible for Editor in 5.93 ms, found 4 plugins.
Native extension for WindowsStandalone target not found
Mono: successfully reloaded assembly
- Finished resetting the current domain, in  0.972 seconds
Domain Reload Profiling: 1953ms
	BeginReloadAssembly (206ms)
		ExecutionOrderSort (0ms)
		DisableScriptedObjects (8ms)
		BackupInstance (0ms)
		ReleaseScriptingObjects (0ms)
		CreateAndSetChildDomain (27ms)
	RebuildCommonClasses (46ms)
	RebuildNativeTypeToScriptingClass (19ms)
	initialDomainReloadingComplete (52ms)
	LoadAllAssembliesAndSetupDomain (657ms)
		LoadAssemblies (425ms)
		RebuildTransferFunctionScriptingTraits (0ms)
		AnalyzeDomain (354ms)
			TypeCache.Refresh (325ms)
				TypeCache.ScanAssembly (308ms)
			ScanForSourceGeneratedMonoScriptInfo (24ms)
			ResolveRequiredComponents (5ms)
	FinalizeReload (972ms)
		ReleaseScriptCaches (0ms)
		RebuildScriptCaches (0ms)
		SetupLoadedEditorAssemblies (752ms)
			LogAssemblyErrors (0ms)
			InitializePlatformSupportModulesInManaged (7ms)
			SetLoadedEditorAssemblies (7ms)
			RefreshPlugins (0ms)
			BeforeProcessingInitializeOnLoad (144ms)
			ProcessInitializeOnLoadAttributes (547ms)
			ProcessInitializeOnLoadMethodAttributes (43ms)
			AfterProcessingInitializeOnLoad (5ms)
			EditorAssembliesLoaded (0ms)
		ExecutionOrderSort2 (0ms)
		AwakeInstancesAfterBackupRestoration (28ms)
Launched and connected shader compiler UnityShaderCompiler.exe after 0.10 seconds
Refreshing native plugins compatible for Editor in 8.00 ms, found 4 plugins.
Preloading 0 native plugins for Editor in 0.00 ms.
Unloading 3939 Unused Serialized files (Serialized files now loaded: 0)
Unloading 69 unused Assets / (244.7 KB). Loaded Objects now: 4397.
Memory consumption went from 136.6 MB to 136.3 MB.
Total: 6.008000 ms (FindLiveObjects: 0.607000 ms CreateObjectMapping: 0.522200 ms MarkObjects: 4.621900 ms  DeleteObjects: 0.255700 ms)

AssetImportParameters requested are different than current active one (requested -> active):
  custom:container-demuxer-ogg: 62fdf1f143b41e24485cea50d1cbac27 -> 
  custom:video-codec-MediaFoundation-h265: e54d7ab0439102e2317fc1e4b246158d -> 
  custom:video-decoder-ogg-theora: a1e56fd34408186e4bbccfd4996cb3dc -> 
  custom:framework-win-MediaFoundation: 216162199b28c13a410421893ffa2e32 -> 
  custom:container-demuxer-webm: 4f35f7cbe854078d1ac9338744f61a02 -> 
  custom:container-muxer-webm: aa71ff27fc2769a1b78a27578f13a17b -> 
  custom:video-decoder-webm-vp8: 9c59270c3fd7afecdb556c50c9e8de78 -> 
  custom:AudioImporter_EditorPlatform: d09bf68614088b80899f8185d706f6e7 -> 
  custom:video-encoder-webm-vp8: eb34c28f22e8b96e1ab97ce403110664 -> 
  custom:audio-decoder-ogg-vorbis: bf7c407c2cedff20999df2af8eb42d56 -> 
  custom:audio-encoder-webm-vorbis: bf7c407c2cedff20999df2af8eb42d56 -> 
========================================================================
Received Import Request.
  Time since last request: 722.855796 seconds.
  path: Assets/01. Scenes
  artifactKey: Guid(131a6b21c8605f84396be9f6751fb6e3) Importer(815301076,1909f56bfc062723c751e8b465ee728b)
Start importing Assets/01. Scenes using Guid(131a6b21c8605f84396be9f6751fb6e3) Importer(815301076,1909f56bfc062723c751e8b465ee728b)  -> (artifact id: 'a4ba37decf5928b196714402f1739a2c') in 0.003822 seconds
Number of updated asset objects reloaded before import = 0
Number of asset objects unloaded after import = 0
========================================================================
Received Prepare
Begin MonoManager ReloadAssembly
Symbol file LoadedFromMemory doesn't match image M:\Unity_Folder\Dunamis Game Test\Library\PackageCache\com.unity.visualscripting@1.8.0\Editor\VisualScripting.Core\Dependencies\YamlDotNet\Unity.VisualScripting.YamlDotNet.dll
Symbol file LoadedFromMemory doesn't match image M:\Unity_Folder\Dunamis Game Test\Library\PackageCache\com.unity.visualscripting@1.8.0\Editor\VisualScripting.Core\Dependencies\DotNetZip\Unity.VisualScripting.IonicZip.dll
- Loaded All Assemblies, in  1.004 seconds
Refreshing native plugins compatible for Editor in 6.02 ms, found 4 plugins.
Native extension for WindowsStandalone target not found
Mono: successfully reloaded assembly
- Finished resetting the current domain, in  1.508 seconds
Domain Reload Profiling: 2511ms
	BeginReloadAssembly (236ms)
		ExecutionOrderSort (0ms)
		DisableScriptedObjects (16ms)
		BackupInstance (0ms)
		ReleaseScriptingObjects (0ms)
		CreateAndSetChildDomain (55ms)
	RebuildCommonClasses (60ms)
	RebuildNativeTypeToScriptingClass (21ms)
	initialDomainReloadingComplete (34ms)
	LoadAllAssembliesAndSetupDomain (652ms)
		LoadAssemblies (451ms)
		RebuildTransferFunctionScriptingTraits (0ms)
		AnalyzeDomain (327ms)
			TypeCache.Refresh (317ms)
				TypeCache.ScanAssembly (303ms)
			ScanForSourceGeneratedMonoScriptInfo (3ms)
			ResolveRequiredComponents (6ms)
	FinalizeReload (1508ms)
		ReleaseScriptCaches (0ms)
		RebuildScriptCaches (0ms)
		SetupLoadedEditorAssemblies (680ms)
			LogAssemblyErrors (0ms)
			InitializePlatformSupportModulesInManaged (7ms)
			SetLoadedEditorAssemblies (7ms)
			RefreshPlugins (0ms)
			BeforeProcessingInitializeOnLoad (131ms)
			ProcessInitializeOnLoadAttributes (497ms)
			ProcessInitializeOnLoadMethodAttributes (33ms)
			AfterProcessingInitializeOnLoad (5ms)
			EditorAssembliesLoaded (0ms)
		ExecutionOrderSort2 (0ms)
		AwakeInstancesAfterBackupRestoration (35ms)
Refreshing native plugins compatible for Editor in 6.01 ms, found 4 plugins.
Preloading 0 native plugins for Editor in 0.00 ms.
Unloading 3941 Unused Serialized files (Serialized files now loaded: 0)
Unloading 41 unused Assets / (216.6 KB). Loaded Objects now: 4410.
Memory consumption went from 135.2 MB to 134.9 MB.
Total: 6.835000 ms (FindLiveObjects: 0.447500 ms CreateObjectMapping: 0.560400 ms MarkObjects: 5.588200 ms  DeleteObjects: 0.237800 ms)

Prepare: number of updated asset objects reloaded= 0
AssetImportParameters requested are different than current active one (requested -> active):
  custom:container-demuxer-ogg: 62fdf1f143b41e24485cea50d1cbac27 -> 
  custom:video-codec-MediaFoundation-h265: e54d7ab0439102e2317fc1e4b246158d -> 
  custom:video-decoder-ogg-theora: a1e56fd34408186e4bbccfd4996cb3dc -> 
  custom:framework-win-MediaFoundation: 216162199b28c13a410421893ffa2e32 -> 
  custom:container-demuxer-webm: 4f35f7cbe854078d1ac9338744f61a02 -> 
  custom:container-muxer-webm: aa71ff27fc2769a1b78a27578f13a17b -> 
  custom:video-decoder-webm-vp8: 9c59270c3fd7afecdb556c50c9e8de78 -> 
  custom:AudioImporter_EditorPlatform: d09bf68614088b80899f8185d706f6e7 -> 
  custom:video-encoder-webm-vp8: eb34c28f22e8b96e1ab97ce403110664 -> 
  custom:audio-decoder-ogg-vorbis: bf7c407c2cedff20999df2af8eb42d56 -> 
  custom:audio-encoder-webm-vorbis: bf7c407c2cedff20999df2af8eb42d56 -> 
========================================================================
Received Prepare
Begin MonoManager ReloadAssembly
Symbol file LoadedFromMemory doesn't match image M:\Unity_Folder\Dunamis Game Test\Library\PackageCache\com.unity.visualscripting@1.8.0\Editor\VisualScripting.Core\Dependencies\YamlDotNet\Unity.VisualScripting.YamlDotNet.dll
Symbol file LoadedFromMemory doesn't match image M:\Unity_Folder\Dunamis Game Test\Library\PackageCache\com.unity.visualscripting@1.8.0\Editor\VisualScripting.Core\Dependencies\DotNetZip\Unity.VisualScripting.IonicZip.dll
- Loaded All Assemblies, in  0.950 seconds
Refreshing native plugins compatible for Editor in 5.94 ms, found 4 plugins.
Native extension for WindowsStandalone target not found
Mono: successfully reloaded assembly
- Finished resetting the current domain, in  1.488 seconds
Domain Reload Profiling: 2436ms
	BeginReloadAssembly (219ms)
		ExecutionOrderSort (0ms)
		DisableScriptedObjects (15ms)
		BackupInstance (0ms)
		ReleaseScriptingObjects (0ms)
		CreateAndSetChildDomain (59ms)
	RebuildCommonClasses (62ms)
	RebuildNativeTypeToScriptingClass (13ms)
	initialDomainReloadingComplete (32ms)
	LoadAllAssembliesAndSetupDomain (621ms)
		LoadAssemblies (401ms)
		RebuildTransferFunctionScriptingTraits (0ms)
		AnalyzeDomain (327ms)
			TypeCache.Refresh (318ms)
				TypeCache.ScanAssembly (305ms)
			ScanForSourceGeneratedMonoScriptInfo (4ms)
			ResolveRequiredComponents (5ms)
	FinalizeReload (1488ms)
		ReleaseScriptCaches (0ms)
		RebuildScriptCaches (0ms)
		SetupLoadedEditorAssemblies (721ms)
			LogAssemblyErrors (0ms)
			InitializePlatformSupportModulesInManaged (6ms)
			SetLoadedEditorAssemblies (8ms)
			RefreshPlugins (0ms)
			BeforeProcessingInitializeOnLoad (150ms)
			ProcessInitializeOnLoadAttributes (519ms)
			ProcessInitializeOnLoadMethodAttributes (30ms)
			AfterProcessingInitializeOnLoad (7ms)
			EditorAssembliesLoaded (0ms)
		ExecutionOrderSort2 (0ms)
		AwakeInstancesAfterBackupRestoration (37ms)
Refreshing native plugins compatible for Editor in 5.18 ms, found 4 plugins.
Preloading 0 native plugins for Editor in 0.00 ms.
Unloading 3944 Unused Serialized files (Serialized files now loaded: 0)
Unloading 41 unused Assets / (217.1 KB). Loaded Objects now: 4416.
Memory consumption went from 135.5 MB to 135.2 MB.
Total: 4.618900 ms (FindLiveObjects: 0.430600 ms CreateObjectMapping: 0.429600 ms MarkObjects: 3.549400 ms  DeleteObjects: 0.208100 ms)

Prepare: number of updated asset objects reloaded= 0
AssetImportParameters requested are different than current active one (requested -> active):
  custom:container-demuxer-ogg: 62fdf1f143b41e24485cea50d1cbac27 -> 
  custom:video-codec-MediaFoundation-h265: e54d7ab0439102e2317fc1e4b246158d -> 
  custom:video-decoder-ogg-theora: a1e56fd34408186e4bbccfd4996cb3dc -> 
  custom:framework-win-MediaFoundation: 216162199b28c13a410421893ffa2e32 -> 
  custom:container-demuxer-webm: 4f35f7cbe854078d1ac9338744f61a02 -> 
  custom:container-muxer-webm: aa71ff27fc2769a1b78a27578f13a17b -> 
  custom:video-decoder-webm-vp8: 9c59270c3fd7afecdb556c50c9e8de78 -> 
  custom:AudioImporter_EditorPlatform: d09bf68614088b80899f8185d706f6e7 -> 
  custom:video-encoder-webm-vp8: eb34c28f22e8b96e1ab97ce403110664 -> 
  custom:audio-decoder-ogg-vorbis: bf7c407c2cedff20999df2af8eb42d56 -> 
  custom:audio-encoder-webm-vorbis: bf7c407c2cedff20999df2af8eb42d56 -> 
========================================================================
Received Import Request.
  Time since last request: 2000.356792 seconds.
  path: Assets/Bolt 2D DinoRun VE1/Readme.asset
  artifactKey: Guid(2d66d2b3541c91a4c806ebb732376ce4) Importer(815301076,1909f56bfc062723c751e8b465ee728b)
Start importing Assets/Bolt 2D DinoRun VE1/Readme.asset using Guid(2d66d2b3541c91a4c806ebb732376ce4) Importer(815301076,1909f56bfc062723c751e8b465ee728b)  -> (artifact id: 'a90d6e2f206494b8e5e875d23bd766ce') in 0.017441 seconds
Number of updated asset objects reloaded before import = 0
Number of asset objects unloaded after import = 2
========================================================================
Received Prepare
Begin MonoManager ReloadAssembly
Symbol file LoadedFromMemory doesn't match image M:\Unity_Folder\Dunamis Game Test\Library\PackageCache\com.unity.visualscripting@1.8.0\Editor\VisualScripting.Core\Dependencies\YamlDotNet\Unity.VisualScripting.YamlDotNet.dll
Symbol file LoadedFromMemory doesn't match image M:\Unity_Folder\Dunamis Game Test\Library\PackageCache\com.unity.visualscripting@1.8.0\Editor\VisualScripting.Core\Dependencies\DotNetZip\Unity.VisualScripting.IonicZip.dll
- Loaded All Assemblies, in  0.988 seconds
Refreshing native plugins compatible for Editor in 5.83 ms, found 4 plugins.
Native extension for WindowsStandalone target not found
Mono: successfully reloaded assembly
- Finished resetting the current domain, in  1.728 seconds
Domain Reload Profiling: 2714ms
	BeginReloadAssembly (233ms)
		ExecutionOrderSort (0ms)
		DisableScriptedObjects (15ms)
		BackupInstance (0ms)
		ReleaseScriptingObjects (0ms)
		CreateAndSetChildDomain (60ms)
	RebuildCommonClasses (48ms)
	RebuildNativeTypeToScriptingClass (13ms)
	initialDomainReloadingComplete (34ms)
	LoadAllAssembliesAndSetupDomain (658ms)
		LoadAssemblies (419ms)
		RebuildTransferFunctionScriptingTraits (0ms)
		AnalyzeDomain (358ms)
			TypeCache.Refresh (352ms)
				TypeCache.ScanAssembly (336ms)
			ScanForSourceGeneratedMonoScriptInfo (0ms)
			ResolveRequiredComponents (5ms)
	FinalizeReload (1728ms)
		ReleaseScriptCaches (0ms)
		RebuildScriptCaches (0ms)
		SetupLoadedEditorAssemblies (805ms)
			LogAssemblyErrors (0ms)
			InitializePlatformSupportModulesInManaged (9ms)
			SetLoadedEditorAssemblies (7ms)
			RefreshPlugins (0ms)
			BeforeProcessingInitializeOnLoad (155ms)
			ProcessInitializeOnLoadAttributes (585ms)
			ProcessInitializeOnLoadMethodAttributes (42ms)
			AfterProcessingInitializeOnLoad (7ms)
			EditorAssembliesLoaded (0ms)
		ExecutionOrderSort2 (0ms)
		AwakeInstancesAfterBackupRestoration (41ms)
Refreshing native plugins compatible for Editor in 6.11 ms, found 4 plugins.
Preloading 0 native plugins for Editor in 0.00 ms.
Unloading 3943 Unused Serialized files (Serialized files now loaded: 0)
Unloading 41 unused Assets / (217.0 KB). Loaded Objects now: 4421.
Memory consumption went from 135.2 MB to 135.0 MB.
Total: 4.451300 ms (FindLiveObjects: 0.324900 ms CreateObjectMapping: 0.176300 ms MarkObjects: 3.729400 ms  DeleteObjects: 0.219700 ms)

Prepare: number of updated asset objects reloaded= 0
AssetImportParameters requested are different than current active one (requested -> active):
  custom:container-demuxer-ogg: 62fdf1f143b41e24485cea50d1cbac27 -> 
  custom:video-codec-MediaFoundation-h265: e54d7ab0439102e2317fc1e4b246158d -> 
  custom:video-decoder-ogg-theora: a1e56fd34408186e4bbccfd4996cb3dc -> 
  custom:framework-win-MediaFoundation: 216162199b28c13a410421893ffa2e32 -> 
  custom:container-demuxer-webm: 4f35f7cbe854078d1ac9338744f61a02 -> 
  custom:container-muxer-webm: aa71ff27fc2769a1b78a27578f13a17b -> 
  custom:video-decoder-webm-vp8: 9c59270c3fd7afecdb556c50c9e8de78 -> 
  custom:AudioImporter_EditorPlatform: d09bf68614088b80899f8185d706f6e7 -> 
  custom:video-encoder-webm-vp8: eb34c28f22e8b96e1ab97ce403110664 -> 
  custom:audio-decoder-ogg-vorbis: bf7c407c2cedff20999df2af8eb42d56 -> 
  custom:audio-encoder-webm-vorbis: bf7c407c2cedff20999df2af8eb42d56 -> 
========================================================================
Received Import Request.
  Time since last request: 355.287125 seconds.
  path: Assets/Bolt 2D DinoRun VE1/Sprites/Back B.png
  artifactKey: Guid(56ea801d18819dd4eb62926f1c7c4a15) Importer(815301076,1909f56bfc062723c751e8b465ee728b)
Start importing Assets/Bolt 2D DinoRun VE1/Sprites/Back B.png using Guid(56ea801d18819dd4eb62926f1c7c4a15) Importer(815301076,1909f56bfc062723c751e8b465ee728b)  -> (artifact id: '26bb8ca8de52cf1266165b8e2d9fa9db') in 0.121273 seconds
Number of updated asset objects reloaded before import = 0
Number of asset objects unloaded after import = 3
========================================================================
Received Import Request.
  Time since last request: 0.000030 seconds.
  path: Assets/Bolt 2D DinoRun VE1/Sprites/Ground.png
  artifactKey: Guid(55c38370a8cd6314a8626c513e426605) Importer(815301076,1909f56bfc062723c751e8b465ee728b)
Start importing Assets/Bolt 2D DinoRun VE1/Sprites/Ground.png using Guid(55c38370a8cd6314a8626c513e426605) Importer(815301076,1909f56bfc062723c751e8b465ee728b)  -> (artifact id: 'fbe7bebffe0f784e10244b4dab213278') in 0.020974 seconds
Number of updated asset objects reloaded before import = 0
Number of asset objects unloaded after import = 3
========================================================================
Received Import Request.
  Time since last request: 0.000025 seconds.
  path: Assets/Bolt 2D DinoRun VE1/Sprites/UI Btn On.png
  artifactKey: Guid(3649a01a49d94c947820dd1c88eb3975) Importer(815301076,1909f56bfc062723c751e8b465ee728b)
Start importing Assets/Bolt 2D DinoRun VE1/Sprites/UI Btn On.png using Guid(3649a01a49d94c947820dd1c88eb3975) Importer(815301076,1909f56bfc062723c751e8b465ee728b)  -> (artifact id: 'c3f263ff502dba920cd2605a4a568d89') in 0.018327 seconds
Number of updated asset objects reloaded before import = 0
Number of asset objects unloaded after import = 3
========================================================================
Received Import Request.
  Time since last request: 0.000025 seconds.
  path: Assets/Bolt 2D DinoRun VE1/Sprites/Cloud A.png
  artifactKey: Guid(bd79f3830e84cf543972a859dc0807e8) Importer(815301076,1909f56bfc062723c751e8b465ee728b)
Start importing Assets/Bolt 2D DinoRun VE1/Sprites/Cloud A.png using Guid(bd79f3830e84cf543972a859dc0807e8) Importer(815301076,1909f56bfc062723c751e8b465ee728b)  -> (artifact id: '4ed6771b9a986f5fe4cdca1ea2ea38e2') in 0.016742 seconds
Number of updated asset objects reloaded before import = 0
Number of asset objects unloaded after import = 3
========================================================================
Received Import Request.
  Time since last request: 0.000024 seconds.
  path: Assets/Bolt 2D DinoRun VE1/Sprites/Cactus A.png
  artifactKey: Guid(d5dceacb4ad9c71439838f9d84ddf1ae) Importer(815301076,1909f56bfc062723c751e8b465ee728b)
Start importing Assets/Bolt 2D DinoRun VE1/Sprites/Cactus A.png using Guid(d5dceacb4ad9c71439838f9d84ddf1ae) Importer(815301076,1909f56bfc062723c751e8b465ee728b)  -> (artifact id: '0f40a797fca7a1b4db1b7f7c9fb0ac60') in 0.019750 seconds
Number of updated asset objects reloaded before import = 0
Number of asset objects unloaded after import = 3
========================================================================
Received Import Request.
  Time since last request: 0.000019 seconds.
  path: Assets/Bolt 2D DinoRun VE1/Sprites/Cloud B.png
  artifactKey: Guid(f4a1ed8c5bcdb834889d9301f7ee1ab7) Importer(815301076,1909f56bfc062723c751e8b465ee728b)
Start importing Assets/Bolt 2D DinoRun VE1/Sprites/Cloud B.png using Guid(f4a1ed8c5bcdb834889d9301f7ee1ab7) Importer(815301076,1909f56bfc062723c751e8b465ee728b)  -> (artifact id: '724f83d8107c378966179ef2e12b5db3') in 0.019525 seconds
Number of updated asset objects reloaded before import = 0
Number of asset objects unloaded after import = 3
========================================================================
Received Import Request.
  Time since last request: 506.480148 seconds.
  path: Assets/03. Resorces/01. Images/01.Sprites/PNG/Players/128x256/Beige/alienBeige_climb2.png
  artifactKey: Guid(d3c897332c6248c4599a1fcace87fc9f) Importer(815301076,1909f56bfc062723c751e8b465ee728b)
Start importing Assets/03. Resorces/01. Images/01.Sprites/PNG/Players/128x256/Beige/alienBeige_climb2.png using Guid(d3c897332c6248c4599a1fcace87fc9f) Importer(815301076,1909f56bfc062723c751e8b465ee728b)  -> (artifact id: '1242447bdff408023cd54f606960a6df') in 0.035748 seconds
Number of updated asset objects reloaded before import = 0
Number of asset objects unloaded after import = 3
========================================================================
Received Import Request.
  Time since last request: 0.000032 seconds.
  path: Assets/03. Resorces/01. Images/01.Sprites/PNG/Players/128x256/Beige/alienBeige_stand.png
  artifactKey: Guid(951672e371b9f554e82f835b15a46b4f) Importer(815301076,1909f56bfc062723c751e8b465ee728b)
Start importing Assets/03. Resorces/01. Images/01.Sprites/PNG/Players/128x256/Beige/alienBeige_stand.png using Guid(951672e371b9f554e82f835b15a46b4f) Importer(815301076,1909f56bfc062723c751e8b465ee728b)  -> (artifact id: '7f3e7efe339eae68cd1305c5f1f28167') in 0.028600 seconds
Number of updated asset objects reloaded before import = 0
Number of asset objects unloaded after import = 3
========================================================================
Received Import Request.
  Time since last request: 0.000021 seconds.
  path: Assets/03. Resorces/01. Images/01.Sprites/PNG/Players/128x256/Beige/alienBeige_front.png
  artifactKey: Guid(e20d48735c4729143a3b315969924a8b) Importer(815301076,1909f56bfc062723c751e8b465ee728b)
Start importing Assets/03. Resorces/01. Images/01.Sprites/PNG/Players/128x256/Beige/alienBeige_front.png using Guid(e20d48735c4729143a3b315969924a8b) Importer(815301076,1909f56bfc062723c751e8b465ee728b)  -> (artifact id: '2149f8736b74674060b184fc0efd79c2') in 0.020515 seconds
Number of updated asset objects reloaded before import = 0
Number of asset objects unloaded after import = 3
========================================================================
Received Import Request.
  Time since last request: 0.000025 seconds.
  path: Assets/03. Resorces/01. Images/01.Sprites/PNG/Players/128x256/Beige/alienBeige_duck.png
  artifactKey: Guid(dfa54c121ed49b94cab47ca95ab0de88) Importer(815301076,1909f56bfc062723c751e8b465ee728b)
Start importing Assets/03. Resorces/01. Images/01.Sprites/PNG/Players/128x256/Beige/alienBeige_duck.png using Guid(dfa54c121ed49b94cab47ca95ab0de88) Importer(815301076,1909f56bfc062723c751e8b465ee728b)  -> (artifact id: '5d3db9f5d671196955f7422fbadced8d') in 0.025520 seconds
Number of updated asset objects reloaded before import = 0
Number of asset objects unloaded after import = 3
========================================================================
Received Import Request.
  Time since last request: 0.000030 seconds.
  path: Assets/03. Resorces/01. Images/01.Sprites/PNG/Players/128x256/Beige/alienBeige_swim2.png
  artifactKey: Guid(4edbd37fb20db344bb9de2b21167ebc4) Importer(815301076,1909f56bfc062723c751e8b465ee728b)
Start importing Assets/03. Resorces/01. Images/01.Sprites/PNG/Players/128x256/Beige/alienBeige_swim2.png using Guid(4edbd37fb20db344bb9de2b21167ebc4) Importer(815301076,1909f56bfc062723c751e8b465ee728b)  -> (artifact id: '9b467c19a5f9a9b3242de499fa34ce03') in 0.023165 seconds
Number of updated asset objects reloaded before import = 0
Number of asset objects unloaded after import = 3
========================================================================
Received Import Request.
  Time since last request: 2778.588961 seconds.
  path: Assets/03. Resorces/01. Images/01.Sprites/PNG/Players/128x256/Pink/alienPink_climb2.png
  artifactKey: Guid(8a77691d8c68cdd4b9a2e182c4f81dfe) Importer(815301076,1909f56bfc062723c751e8b465ee728b)
Start importing Assets/03. Resorces/01. Images/01.Sprites/PNG/Players/128x256/Pink/alienPink_climb2.png using Guid(8a77691d8c68cdd4b9a2e182c4f81dfe) Importer(815301076,1909f56bfc062723c751e8b465ee728b)  -> (artifact id: '236baab5611ca54996947e8a4d753c5e') in 0.044388 seconds
Number of updated asset objects reloaded before import = 0
Number of asset objects unloaded after import = 3
========================================================================
Received Import Request.
  Time since last request: 0.000029 seconds.
  path: Assets/03. Resorces/01. Images/01.Sprites/PNG/Players/128x256/Pink/alienPink_swim1.png
  artifactKey: Guid(d536322b8058e94439e67548432eff79) Importer(815301076,1909f56bfc062723c751e8b465ee728b)
Start importing Assets/03. Resorces/01. Images/01.Sprites/PNG/Players/128x256/Pink/alienPink_swim1.png using Guid(d536322b8058e94439e67548432eff79) Importer(815301076,1909f56bfc062723c751e8b465ee728b)  -> (artifact id: '29ae39fea17c94933ae413438ff1dbeb') in 0.029297 seconds
Number of updated asset objects reloaded before import = 0
Number of asset objects unloaded after import = 3
========================================================================
Received Import Request.
  Time since last request: 0.000030 seconds.
  path: Assets/03. Resorces/01. Images/01.Sprites/PNG/Players/128x256/Pink/alienPink_swim2.png
  artifactKey: Guid(b946194949fbb1e48b2e7e810acda514) Importer(815301076,1909f56bfc062723c751e8b465ee728b)
Start importing Assets/03. Resorces/01. Images/01.Sprites/PNG/Players/128x256/Pink/alienPink_swim2.png using Guid(b946194949fbb1e48b2e7e810acda514) Importer(815301076,1909f56bfc062723c751e8b465ee728b)  -> (artifact id: '1729facd1ce44783e82804de3aed190e') in 0.031020 seconds
Number of updated asset objects reloaded before import = 0
Number of asset objects unloaded after import = 3
========================================================================
Received Import Request.
  Time since last request: 0.000019 seconds.
  path: Assets/03. Resorces/01. Images/01.Sprites/PNG/Players/128x256/Pink/alienPink_stand.png
  artifactKey: Guid(7084a5d4a6b86db41be8b0c25bd9e8e0) Importer(815301076,1909f56bfc062723c751e8b465ee728b)
Start importing Assets/03. Resorces/01. Images/01.Sprites/PNG/Players/128x256/Pink/alienPink_stand.png using Guid(7084a5d4a6b86db41be8b0c25bd9e8e0) Importer(815301076,1909f56bfc062723c751e8b465ee728b)  -> (artifact id: 'bb4ed0c9e3df69f949559fc7bf7c68a9') in 0.041852 seconds
Number of updated asset objects reloaded before import = 0
Number of asset objects unloaded after import = 3
========================================================================
Received Import Request.
  Time since last request: 0.000027 seconds.
  path: Assets/03. Resorces/01. Images/01.Sprites/PNG/Players/128x256/Pink/alienPink_walk2.png
  artifactKey: Guid(ec8c191975eabaf4e962d89388d08ac9) Importer(815301076,1909f56bfc062723c751e8b465ee728b)
Start importing Assets/03. Resorces/01. Images/01.Sprites/PNG/Players/128x256/Pink/alienPink_walk2.png using Guid(ec8c191975eabaf4e962d89388d08ac9) Importer(815301076,1909f56bfc062723c751e8b465ee728b)  -> (artifact id: '6951186f197bb86311071aa2dd010f79') in 0.020078 seconds
Number of updated asset objects reloaded before import = 0
Number of asset objects unloaded after import = 3
========================================================================
Received Import Request.
  Time since last request: 3.182094 seconds.
  path: Assets/03. Resorces/01. Images/01.Sprites/PNG/Players/Variable sizes/Beige/alienBiege_climb2.png
  artifactKey: Guid(de89329125c4db5449da7b1103cee368) Importer(815301076,1909f56bfc062723c751e8b465ee728b)
Start importing Assets/03. Resorces/01. Images/01.Sprites/PNG/Players/Variable sizes/Beige/alienBiege_climb2.png using Guid(de89329125c4db5449da7b1103cee368) Importer(815301076,1909f56bfc062723c751e8b465ee728b)  -> (artifact id: '25412585dab03365fcd9bbf8eb801121') in 0.029410 seconds
Number of updated asset objects reloaded before import = 0
Number of asset objects unloaded after import = 3
========================================================================
Received Import Request.
  Time since last request: 0.000018 seconds.
  path: Assets/03. Resorces/01. Images/01.Sprites/PNG/Players/Variable sizes/Beige/alienBiege_stand.png
  artifactKey: Guid(93e9d2740f45d2144813e9a1860f15fe) Importer(815301076,1909f56bfc062723c751e8b465ee728b)
Start importing Assets/03. Resorces/01. Images/01.Sprites/PNG/Players/Variable sizes/Beige/alienBiege_stand.png using Guid(93e9d2740f45d2144813e9a1860f15fe) Importer(815301076,1909f56bfc062723c751e8b465ee728b)  -> (artifact id: '663e4e2358250227e834fe0124d8b898') in 0.022846 seconds
Number of updated asset objects reloaded before import = 0
Number of asset objects unloaded after import = 3
========================================================================
Received Import Request.
  Time since last request: 0.000019 seconds.
  path: Assets/03. Resorces/01. Images/01.Sprites/PNG/Players/Variable sizes/Beige/alienBiege_hit.png
  artifactKey: Guid(e056b3f757e38a14fa2bd8ffce3bd99e) Importer(815301076,1909f56bfc062723c751e8b465ee728b)
Start importing Assets/03. Resorces/01. Images/01.Sprites/PNG/Players/Variable sizes/Beige/alienBiege_hit.png using Guid(e056b3f757e38a14fa2bd8ffce3bd99e) Importer(815301076,1909f56bfc062723c751e8b465ee728b)  -> (artifact id: 'a8b3d5ca0c1c04da32e92f1ddff8672f') in 0.025829 seconds
Number of updated asset objects reloaded before import = 0
Number of asset objects unloaded after import = 3
========================================================================
Received Import Request.
  Time since last request: 0.000025 seconds.
  path: Assets/03. Resorces/01. Images/01.Sprites/PNG/Players/Variable sizes/Beige/alienBiege_walk1.png
  artifactKey: Guid(7ab8512ba0084c54e85e9321c3ec302f) Importer(815301076,1909f56bfc062723c751e8b465ee728b)
Start importing Assets/03. Resorces/01. Images/01.Sprites/PNG/Players/Variable sizes/Beige/alienBiege_walk1.png using Guid(7ab8512ba0084c54e85e9321c3ec302f) Importer(815301076,1909f56bfc062723c751e8b465ee728b)  -> (artifact id: '0844c66f800c55c5840a95ccbc4811f3') in 0.022219 seconds
Number of updated asset objects reloaded before import = 0
Number of asset objects unloaded after import = 3
========================================================================
Received Import Request.
  Time since last request: 0.000019 seconds.
  path: Assets/03. Resorces/01. Images/01.Sprites/PNG/Players/Variable sizes/Beige/alienBiege_duck.png
  artifactKey: Guid(2019bda78a94e244c96c8bbafd2dddc9) Importer(815301076,1909f56bfc062723c751e8b465ee728b)
Start importing Assets/03. Resorces/01. Images/01.Sprites/PNG/Players/Variable sizes/Beige/alienBiege_duck.png using Guid(2019bda78a94e244c96c8bbafd2dddc9) Importer(815301076,1909f56bfc062723c751e8b465ee728b)  -> (artifact id: '7685864196c15da893d81bc46c094aba') in 0.031263 seconds
Number of updated asset objects reloaded before import = 0
Number of asset objects unloaded after import = 3
========================================================================
Received Import Request.
  Time since last request: 0.000024 seconds.
  path: Assets/03. Resorces/01. Images/01.Sprites/PNG/Players/Variable sizes/Beige/alienBiege_walk2.png
  artifactKey: Guid(5f185096352235a46bc4fb426038608b) Importer(815301076,1909f56bfc062723c751e8b465ee728b)
Start importing Assets/03. Resorces/01. Images/01.Sprites/PNG/Players/Variable sizes/Beige/alienBiege_walk2.png using Guid(5f185096352235a46bc4fb426038608b) Importer(815301076,1909f56bfc062723c751e8b465ee728b)  -> (artifact id: '0e1001564ffd08dc0b1964b925a1ca7e') in 0.027142 seconds
Number of updated asset objects reloaded before import = 0
Number of asset objects unloaded after import = 3
========================================================================
Received Import Request.
  Time since last request: 11.454666 seconds.
  path: Assets/03. Resorces/01. Images/01.Sprites/Spritesheets/spritesheet_enemies.png
  artifactKey: Guid(4523eb375772f5c40bef69b56fd45e1c) Importer(815301076,1909f56bfc062723c751e8b465ee728b)
Start importing Assets/03. Resorces/01. Images/01.Sprites/Spritesheets/spritesheet_enemies.png using Guid(4523eb375772f5c40bef69b56fd45e1c) Importer(815301076,1909f56bfc062723c751e8b465ee728b)  -> (artifact id: '7f0d570d6cb386c19c671a241efb82df') in 0.045226 seconds
Number of updated asset objects reloaded before import = 0
Number of asset objects unloaded after import = 3
========================================================================
Received Import Request.
  Time since last request: 0.000023 seconds.
  path: Assets/03. Resorces/01. Images/01.Sprites/Spritesheets/spritesheet_items.png
  artifactKey: Guid(21c36b772893a4248ae49d95cfd5e5d3) Importer(815301076,1909f56bfc062723c751e8b465ee728b)
Start importing Assets/03. Resorces/01. Images/01.Sprites/Spritesheets/spritesheet_items.png using Guid(21c36b772893a4248ae49d95cfd5e5d3) Importer(815301076,1909f56bfc062723c751e8b465ee728b)  -> (artifact id: 'de9dd7efc5398611ab1d96915d2bb99c') in 0.031647 seconds
Number of updated asset objects reloaded before import = 0
Number of asset objects unloaded after import = 3
========================================================================
Received Import Request.
  Time since last request: 0.000023 seconds.
  path: Assets/03. Resorces/01. Images/01.Sprites/Spritesheets/spritesheet_tiles.png
  artifactKey: Guid(f255ead5ab3a45e419bfe7041cce9918) Importer(815301076,1909f56bfc062723c751e8b465ee728b)
Start importing Assets/03. Resorces/01. Images/01.Sprites/Spritesheets/spritesheet_tiles.png using Guid(f255ead5ab3a45e419bfe7041cce9918) Importer(815301076,1909f56bfc062723c751e8b465ee728b)  -> (artifact id: '187b86c8eff3a68afd39c6ba1cae4a43') in 0.033696 seconds
Number of updated asset objects reloaded before import = 0
Number of asset objects unloaded after import = 3
========================================================================
Received Import Request.
  Time since last request: 203.944866 seconds.
  path: Assets/03. Resorces/01. Images/01.Sprites/PNG/Enemies/barnacle_attack.png
  artifactKey: Guid(d92a02ebb94d42a44b129080d02a90fa) Importer(815301076,1909f56bfc062723c751e8b465ee728b)
Start importing Assets/03. Resorces/01. Images/01.Sprites/PNG/Enemies/barnacle_attack.png using Guid(d92a02ebb94d42a44b129080d02a90fa) Importer(815301076,1909f56bfc062723c751e8b465ee728b)  -> (artifact id: '887ce0bd98fc06e01f0e96a3f0a9455b') in 0.025086 seconds
Number of updated asset objects reloaded before import = 0
Number of asset objects unloaded after import = 3
========================================================================
Received Import Request.
  Time since last request: 0.000031 seconds.
  path: Assets/03. Resorces/01. Images/01.Sprites/PNG/Enemies/fly_move.png
  artifactKey: Guid(31374fd7a158944498cf0ff3293cf222) Importer(815301076,1909f56bfc062723c751e8b465ee728b)
Start importing Assets/03. Resorces/01. Images/01.Sprites/PNG/Enemies/fly_move.png using Guid(31374fd7a158944498cf0ff3293cf222) Importer(815301076,1909f56bfc062723c751e8b465ee728b)  -> (artifact id: 'ebf40b5ad46fb680c687f149a0a2ac85') in 0.023988 seconds
Number of updated asset objects reloaded before import = 0
Number of asset objects unloaded after import = 3
========================================================================
Received Import Request.
  Time since last request: 0.000021 seconds.
  path: Assets/03. Resorces/01. Images/01.Sprites/PNG/Enemies/ladybug_move.png
  artifactKey: Guid(d1c59eb4849cc604e9c809f98e1b738e) Importer(815301076,1909f56bfc062723c751e8b465ee728b)
Start importing Assets/03. Resorces/01. Images/01.Sprites/PNG/Enemies/ladybug_move.png using Guid(d1c59eb4849cc604e9c809f98e1b738e) Importer(815301076,1909f56bfc062723c751e8b465ee728b)  -> (artifact id: 'fbfd31a1805a4b9396be3dcc788ae6ed') in 0.019791 seconds
Number of updated asset objects reloaded before import = 0
Number of asset objects unloaded after import = 3
========================================================================
Received Import Request.
  Time since last request: 0.000021 seconds.
  path: Assets/03. Resorces/01. Images/01.Sprites/PNG/Enemies/snail_shell.png
  artifactKey: Guid(78104e1d0416e9a4b98b3a0e29f59d7c) Importer(815301076,1909f56bfc062723c751e8b465ee728b)
Start importing Assets/03. Resorces/01. Images/01.Sprites/PNG/Enemies/snail_shell.png using Guid(78104e1d0416e9a4b98b3a0e29f59d7c) Importer(815301076,1909f56bfc062723c751e8b465ee728b)  -> (artifact id: '05d871c1c76a08e943f7a8297a1b4708') in 0.025634 seconds
Number of updated asset objects reloaded before import = 0
Number of asset objects unloaded after import = 3
========================================================================
Received Import Request.
  Time since last request: 0.000026 seconds.
  path: Assets/03. Resorces/01. Images/01.Sprites/PNG/Enemies/wormGreen_move.png
  artifactKey: Guid(abdeea0fe5b056f42bcfc6b8f78fcfff) Importer(815301076,1909f56bfc062723c751e8b465ee728b)
Start importing Assets/03. Resorces/01. Images/01.Sprites/PNG/Enemies/wormGreen_move.png using Guid(abdeea0fe5b056f42bcfc6b8f78fcfff) Importer(815301076,1909f56bfc062723c751e8b465ee728b)  -> (artifact id: '832b79a9bb8e7a6b0089a83af0ad0034') in 0.021584 seconds
Number of updated asset objects reloaded before import = 0
Number of asset objects unloaded after import = 3
========================================================================
Received Import Request.
  Time since last request: 0.000022 seconds.
  path: Assets/03. Resorces/01. Images/01.Sprites/PNG/Enemies/slimeGreen.png
  artifactKey: Guid(783460ba1d7a2644caccb69bf85cf110) Importer(815301076,1909f56bfc062723c751e8b465ee728b)
Start importing Assets/03. Resorces/01. Images/01.Sprites/PNG/Enemies/slimeGreen.png using Guid(783460ba1d7a2644caccb69bf85cf110) Importer(815301076,1909f56bfc062723c751e8b465ee728b)  -> (artifact id: 'bae052531e8a6e6f3ce1972f0cb1579a') in 0.028539 seconds
Number of updated asset objects reloaded before import = 0
Number of asset objects unloaded after import = 3
========================================================================
Received Import Request.
  Time since last request: 0.000020 seconds.
  path: Assets/03. Resorces/01. Images/01.Sprites/PNG/Enemies/ladybug.png
  artifactKey: Guid(80c631d79dfc0fc4b9f5ce46e5236f44) Importer(815301076,1909f56bfc062723c751e8b465ee728b)
Start importing Assets/03. Resorces/01. Images/01.Sprites/PNG/Enemies/ladybug.png using Guid(80c631d79dfc0fc4b9f5ce46e5236f44) Importer(815301076,1909f56bfc062723c751e8b465ee728b)  -> (artifact id: '49d83f716ee25ea2c0514bac9ab8ec4c') in 0.019808 seconds
Number of updated asset objects reloaded before import = 0
Number of asset objects unloaded after import = 3
========================================================================
Received Import Request.
  Time since last request: 0.000037 seconds.
  path: Assets/03. Resorces/01. Images/01.Sprites/PNG/Enemies/slimeBlock.png
  artifactKey: Guid(416840ffe5d0b7242809c1f765e06dde) Importer(815301076,1909f56bfc062723c751e8b465ee728b)
Start importing Assets/03. Resorces/01. Images/01.Sprites/PNG/Enemies/slimeBlock.png using Guid(416840ffe5d0b7242809c1f765e06dde) Importer(815301076,1909f56bfc062723c751e8b465ee728b)  -> (artifact id: '756cc67f0c8458cf902eecc15320fd65') in 0.027576 seconds
Number of updated asset objects reloaded before import = 0
Number of asset objects unloaded after import = 3
========================================================================
Received Import Request.
  Time since last request: 0.000035 seconds.
  path: Assets/03. Resorces/01. Images/01.Sprites/PNG/Enemies/snail_move.png
  artifactKey: Guid(5057e7a1018923b4283bcf41d8a7730e) Importer(815301076,1909f56bfc062723c751e8b465ee728b)
Start importing Assets/03. Resorces/01. Images/01.Sprites/PNG/Enemies/snail_move.png using Guid(5057e7a1018923b4283bcf41d8a7730e) Importer(815301076,1909f56bfc062723c751e8b465ee728b)  -> (artifact id: '08f8757238b78b9c1b2f291f62fff89b') in 0.023955 seconds
Number of updated asset objects reloaded before import = 0
Number of asset objects unloaded after import = 3
========================================================================
Received Import Request.
  Time since last request: 0.000028 seconds.
  path: Assets/03. Resorces/01. Images/01.Sprites/PNG/Enemies/bee_move.png
  artifactKey: Guid(250834db91887694aa26bcdfcec11eb3) Importer(815301076,1909f56bfc062723c751e8b465ee728b)
Start importing Assets/03. Resorces/01. Images/01.Sprites/PNG/Enemies/bee_move.png using Guid(250834db91887694aa26bcdfcec11eb3) Importer(815301076,1909f56bfc062723c751e8b465ee728b)  -> (artifact id: '53ecb691f1c16de62c91aef1843f36a5') in 0.024482 seconds
Number of updated asset objects reloaded before import = 0
Number of asset objects unloaded after import = 3
========================================================================
Received Import Request.
  Time since last request: 0.000021 seconds.
  path: Assets/03. Resorces/01. Images/01.Sprites/PNG/Enemies/fishGreen_move.png
  artifactKey: Guid(de412bc3493a83244b924fa92cb78d13) Importer(815301076,1909f56bfc062723c751e8b465ee728b)
Start importing Assets/03. Resorces/01. Images/01.Sprites/PNG/Enemies/fishGreen_move.png using Guid(de412bc3493a83244b924fa92cb78d13) Importer(815301076,1909f56bfc062723c751e8b465ee728b)  -> (artifact id: '4fe659233c596a073a5d3f6095f5c3e8') in 0.021542 seconds
Number of updated asset objects reloaded before import = 0
Number of asset objects unloaded after import = 3
========================================================================
Received Import Request.
  Time since last request: 0.000018 seconds.
  path: Assets/03. Resorces/01. Images/01.Sprites/PNG/Enemies/fishPink.png
  artifactKey: Guid(0b2c5e0cb7a4f9b43b84bb6086fef845) Importer(815301076,1909f56bfc062723c751e8b465ee728b)
Start importing Assets/03. Resorces/01. Images/01.Sprites/PNG/Enemies/fishPink.png using Guid(0b2c5e0cb7a4f9b43b84bb6086fef845) Importer(815301076,1909f56bfc062723c751e8b465ee728b)  -> (artifact id: '8ff37bc20215923fc539c4eef9906ad5') in 0.025873 seconds
Number of updated asset objects reloaded before import = 0
Number of asset objects unloaded after import = 3
========================================================================
Received Import Request.
  Time since last request: 0.000017 seconds.
  path: Assets/03. Resorces/01. Images/01.Sprites/PNG/Enemies/bee_dead.png
  artifactKey: Guid(0056046c312fa1b4f9cfca6de3ff7476) Importer(815301076,1909f56bfc062723c751e8b465ee728b)
Start importing Assets/03. Resorces/01. Images/01.Sprites/PNG/Enemies/bee_dead.png using Guid(0056046c312fa1b4f9cfca6de3ff7476) Importer(815301076,1909f56bfc062723c751e8b465ee728b)  -> (artifact id: '88224e154ef021b5cd8c56202ac1a82f') in 0.021284 seconds
Number of updated asset objects reloaded before import = 0
Number of asset objects unloaded after import = 3
========================================================================
Received Import Request.
  Time since last request: 0.000020 seconds.
  path: Assets/03. Resorces/01. Images/01.Sprites/PNG/Enemies/slimePurple.png
  artifactKey: Guid(374b6f035aee80f40b052ffbc71f6742) Importer(815301076,1909f56bfc062723c751e8b465ee728b)
Start importing Assets/03. Resorces/01. Images/01.Sprites/PNG/Enemies/slimePurple.png using Guid(374b6f035aee80f40b052ffbc71f6742) Importer(815301076,1909f56bfc062723c751e8b465ee728b)  -> (artifact id: 'b63532a352930e57309ee024ac25b627') in 0.026346 seconds
Number of updated asset objects reloaded before import = 0
Number of asset objects unloaded after import = 3
========================================================================
Received Import Request.
  Time since last request: 0.000019 seconds.
  path: Assets/03. Resorces/01. Images/01.Sprites/PNG/Enemies/bee.png
  artifactKey: Guid(39b4d58218dadcd408d2faf3c347edc4) Importer(815301076,1909f56bfc062723c751e8b465ee728b)
Start importing Assets/03. Resorces/01. Images/01.Sprites/PNG/Enemies/bee.png using Guid(39b4d58218dadcd408d2faf3c347edc4) Importer(815301076,1909f56bfc062723c751e8b465ee728b)  -> (artifact id: '0c2f652b498f338769fe1c26b2619090') in 0.021619 seconds
Number of updated asset objects reloaded before import = 0
Number of asset objects unloaded after import = 3
========================================================================
Received Import Request.
  Time since last request: 0.000018 seconds.
  path: Assets/03. Resorces/01. Images/01.Sprites/PNG/Enemies/mouse_move.png
  artifactKey: Guid(3b5fe625487dce54984ee8888af8a2d0) Importer(815301076,1909f56bfc062723c751e8b465ee728b)
Start importing Assets/03. Resorces/01. Images/01.Sprites/PNG/Enemies/mouse_move.png using Guid(3b5fe625487dce54984ee8888af8a2d0) Importer(815301076,1909f56bfc062723c751e8b465ee728b)  -> (artifact id: 'cd08129490cff88105ca95303b8e667a') in 0.029208 seconds
Number of updated asset objects reloaded before import = 0
Number of asset objects unloaded after import = 3
========================================================================
Received Import Request.
  Time since last request: 0.000020 seconds.
  path: Assets/03. Resorces/01. Images/01.Sprites/PNG/Enemies/mouse_dead.png
  artifactKey: Guid(fe7923c63f1088144ba40df847955aa7) Importer(815301076,1909f56bfc062723c751e8b465ee728b)
Start importing Assets/03. Resorces/01. Images/01.Sprites/PNG/Enemies/mouse_dead.png using Guid(fe7923c63f1088144ba40df847955aa7) Importer(815301076,1909f56bfc062723c751e8b465ee728b)  -> (artifact id: 'd43d35c84ae3ce428f902a8142dd1898') in 0.034087 seconds
Number of updated asset objects reloaded before import = 0
Number of asset objects unloaded after import = 3
========================================================================
Received Import Request.
  Time since last request: 0.000024 seconds.
  path: Assets/03. Resorces/01. Images/01.Sprites/PNG/Enemies/wormPink_dead.png
  artifactKey: Guid(fd092216a6f5b514bab25c39f3e5b713) Importer(815301076,1909f56bfc062723c751e8b465ee728b)
Start importing Assets/03. Resorces/01. Images/01.Sprites/PNG/Enemies/wormPink_dead.png using Guid(fd092216a6f5b514bab25c39f3e5b713) Importer(815301076,1909f56bfc062723c751e8b465ee728b)  -> (artifact id: 'a32e5383343634c5f3bf20f66953eeef') in 0.029289 seconds
Number of updated asset objects reloaded before import = 0
Number of asset objects unloaded after import = 3
========================================================================
Received Import Request.
  Time since last request: 0.000309 seconds.
  path: Assets/03. Resorces/01. Images/01.Sprites/PNG/Enemies/sawHalf_dead.png
  artifactKey: Guid(af1d8c3b69b078a46a4028d851ace767) Importer(815301076,1909f56bfc062723c751e8b465ee728b)
Start importing Assets/03. Resorces/01. Images/01.Sprites/PNG/Enemies/sawHalf_dead.png using Guid(af1d8c3b69b078a46a4028d851ace767) Importer(815301076,1909f56bfc062723c751e8b465ee728b)  -> (artifact id: 'f5a4ebc105d976a03a2c36758f96c266') in 0.022489 seconds
Number of updated asset objects reloaded before import = 0
Number of asset objects unloaded after import = 3
========================================================================
Received Import Request.
  Time since last request: 0.000020 seconds.
  path: Assets/03. Resorces/01. Images/01.Sprites/PNG/Enemies/slimePurple_dead.png
  artifactKey: Guid(e2f04af452b16f542a019e9086d98f2b) Importer(815301076,1909f56bfc062723c751e8b465ee728b)
Start importing Assets/03. Resorces/01. Images/01.Sprites/PNG/Enemies/slimePurple_dead.png using Guid(e2f04af452b16f542a019e9086d98f2b) Importer(815301076,1909f56bfc062723c751e8b465ee728b)  -> (artifact id: '3b924c2ec471bc940e79c90ec7d91068') in 0.028510 seconds
Number of updated asset objects reloaded before import = 0
Number of asset objects unloaded after import = 3
========================================================================
Received Import Request.
  Time since last request: 0.000020 seconds.
  path: Assets/03. Resorces/01. Images/01.Sprites/PNG/Enemies/slimeBlue_dead.png
  artifactKey: Guid(ade76961e0445154c9ada8746b898349) Importer(815301076,1909f56bfc062723c751e8b465ee728b)
Start importing Assets/03. Resorces/01. Images/01.Sprites/PNG/Enemies/slimeBlue_dead.png using Guid(ade76961e0445154c9ada8746b898349) Importer(815301076,1909f56bfc062723c751e8b465ee728b)  -> (artifact id: '7584bd8c67d353b4ae3db36c46626e45') in 0.026492 seconds
Number of updated asset objects reloaded before import = 0
Number of asset objects unloaded after import = 3
========================================================================
Received Import Request.
  Time since last request: 0.000021 seconds.
  path: Assets/03. Resorces/01. Images/01.Sprites/PNG/Enemies/mouse.png
  artifactKey: Guid(9c6644564dca0da4599b5419339bbb41) Importer(815301076,1909f56bfc062723c751e8b465ee728b)
Start importing Assets/03. Resorces/01. Images/01.Sprites/PNG/Enemies/mouse.png using Guid(9c6644564dca0da4599b5419339bbb41) Importer(815301076,1909f56bfc062723c751e8b465ee728b)  -> (artifact id: '12c187347380b6016417d1b73154cfc5') in 0.022041 seconds
Number of updated asset objects reloaded before import = 0
Number of asset objects unloaded after import = 3
========================================================================
Received Import Request.
  Time since last request: 0.000019 seconds.
  path: Assets/03. Resorces/01. Images/01.Sprites/PNG/Enemies/frog_dead.png
  artifactKey: Guid(382d887c94d370349a7d8e3fb25afcbc) Importer(815301076,1909f56bfc062723c751e8b465ee728b)
Start importing Assets/03. Resorces/01. Images/01.Sprites/PNG/Enemies/frog_dead.png using Guid(382d887c94d370349a7d8e3fb25afcbc) Importer(815301076,1909f56bfc062723c751e8b465ee728b)  -> (artifact id: '574a171a3f034f052b5943b8a132eb34') in 0.027379 seconds
Number of updated asset objects reloaded before import = 0
Number of asset objects unloaded after import = 3
========================================================================
Received Import Request.
  Time since last request: 0.000022 seconds.
  path: Assets/03. Resorces/01. Images/01.Sprites/PNG/Enemies/frog_move.png
  artifactKey: Guid(abbbaafe5bc91ea41be588686abe4d88) Importer(815301076,1909f56bfc062723c751e8b465ee728b)
Start importing Assets/03. Resorces/01. Images/01.Sprites/PNG/Enemies/frog_move.png using Guid(abbbaafe5bc91ea41be588686abe4d88) Importer(815301076,1909f56bfc062723c751e8b465ee728b)  -> (artifact id: 'ed1604ae9af8fb6706aad337a9ce8488') in 0.024629 seconds
Number of updated asset objects reloaded before import = 0
Number of asset objects unloaded after import = 3
========================================================================
Received Import Request.
  Time since last request: 0.000028 seconds.
  path: Assets/03. Resorces/01. Images/01.Sprites/PNG/Enemies/fishBlue_fall.png
  artifactKey: Guid(79bf7802d59278946a28275ef0216f61) Importer(815301076,1909f56bfc062723c751e8b465ee728b)
Start importing Assets/03. Resorces/01. Images/01.Sprites/PNG/Enemies/fishBlue_fall.png using Guid(79bf7802d59278946a28275ef0216f61) Importer(815301076,1909f56bfc062723c751e8b465ee728b)  -> (artifact id: 'fc9a076f76ce9369e8976a49505d6fbd') in 0.025323 seconds
Number of updated asset objects reloaded before import = 0
Number of asset objects unloaded after import = 3
========================================================================
Received Import Request.
  Time since last request: 0.000021 seconds.
  path: Assets/03. Resorces/01. Images/01.Sprites/PNG/Enemies/slimeBlue_hit.png
  artifactKey: Guid(09c9d3322825e9a4da1ee4256bd93093) Importer(815301076,1909f56bfc062723c751e8b465ee728b)
Start importing Assets/03. Resorces/01. Images/01.Sprites/PNG/Enemies/slimeBlue_hit.png using Guid(09c9d3322825e9a4da1ee4256bd93093) Importer(815301076,1909f56bfc062723c751e8b465ee728b)  -> (artifact id: '1f2deeec53ceaff030380c63ced65875') in 0.021053 seconds
Number of updated asset objects reloaded before import = 0
Number of asset objects unloaded after import = 3
========================================================================
Received Import Request.
  Time since last request: 0.000027 seconds.
  path: Assets/03. Resorces/01. Images/01.Sprites/PNG/Enemies/slimeBlue.png
  artifactKey: Guid(1810fbe90046fc544a8cef7458e088ae) Importer(815301076,1909f56bfc062723c751e8b465ee728b)
Start importing Assets/03. Resorces/01. Images/01.Sprites/PNG/Enemies/slimeBlue.png using Guid(1810fbe90046fc544a8cef7458e088ae) Importer(815301076,1909f56bfc062723c751e8b465ee728b)  -> (artifact id: 'c171fe1da17c7319e945b0fc47cb00b6') in 0.028745 seconds
Number of updated asset objects reloaded before import = 0
Number of asset objects unloaded after import = 3
========================================================================
Received Import Request.
  Time since last request: 0.000065 seconds.
  path: Assets/03. Resorces/01. Images/01.Sprites/PNG/Enemies/slimeBlock_move.png
  artifactKey: Guid(4ace273a258393f4da10afb45e28e54a) Importer(815301076,1909f56bfc062723c751e8b465ee728b)
Start importing Assets/03. Resorces/01. Images/01.Sprites/PNG/Enemies/slimeBlock_move.png using Guid(4ace273a258393f4da10afb45e28e54a) Importer(815301076,1909f56bfc062723c751e8b465ee728b)  -> (artifact id: 'af46327e33508905e10f8a7d998bb08e') in 0.026293 seconds
Number of updated asset objects reloaded before import = 0
Number of asset objects unloaded after import = 3
========================================================================
Received Import Request.
  Time since last request: 3.445581 seconds.
  path: Assets/03. Resorces/01. Images/01.Sprites/PNG/Backgrounds/blue_grass.png
  artifactKey: Guid(750b8062ff3cadd4180c2f07e4029d60) Importer(815301076,1909f56bfc062723c751e8b465ee728b)
Start importing Assets/03. Resorces/01. Images/01.Sprites/PNG/Backgrounds/blue_grass.png using Guid(750b8062ff3cadd4180c2f07e4029d60) Importer(815301076,1909f56bfc062723c751e8b465ee728b)  -> (artifact id: '2bb969cf0519dce5c558f1a459e33f2d') in 0.028868 seconds
Number of updated asset objects reloaded before import = 0
Number of asset objects unloaded after import = 3
========================================================================
Received Import Request.
  Time since last request: 0.000029 seconds.
  path: Assets/03. Resorces/01. Images/01.Sprites/PNG/Backgrounds/colored_desert.png
  artifactKey: Guid(78aff27d1c9a7324aa3b66bf2b52232a) Importer(815301076,1909f56bfc062723c751e8b465ee728b)
Start importing Assets/03. Resorces/01. Images/01.Sprites/PNG/Backgrounds/colored_desert.png using Guid(78aff27d1c9a7324aa3b66bf2b52232a) Importer(815301076,1909f56bfc062723c751e8b465ee728b)  -> (artifact id: '0c422c7497725c7a47b352acd05014f3') in 0.030300 seconds
Number of updated asset objects reloaded before import = 0
Number of asset objects unloaded after import = 3
========================================================================
Received Import Request.
  Time since last request: 0.000037 seconds.
  path: Assets/03. Resorces/01. Images/01.Sprites/PNG/Backgrounds/colored_grass.png
  artifactKey: Guid(f77570a6fbe97ca49aeaae4736f12e55) Importer(815301076,1909f56bfc062723c751e8b465ee728b)
Start importing Assets/03. Resorces/01. Images/01.Sprites/PNG/Backgrounds/colored_grass.png using Guid(f77570a6fbe97ca49aeaae4736f12e55) Importer(815301076,1909f56bfc062723c751e8b465ee728b)  -> (artifact id: '390b282eba751e69d7345b3c9270d781') in 0.026992 seconds
Number of updated asset objects reloaded before import = 0
Number of asset objects unloaded after import = 3
========================================================================
Received Import Request.
  Time since last request: 0.000021 seconds.
  path: Assets/03. Resorces/01. Images/01.Sprites/PNG/Backgrounds/colored_land.png
  artifactKey: Guid(d2a3f14f540b6b04e9aa96a976b3e0dd) Importer(815301076,1909f56bfc062723c751e8b465ee728b)
Start importing Assets/03. Resorces/01. Images/01.Sprites/PNG/Backgrounds/colored_land.png using Guid(d2a3f14f540b6b04e9aa96a976b3e0dd) Importer(815301076,1909f56bfc062723c751e8b465ee728b)  -> (artifact id: '67b6a491020176babc75199d35da6209') in 0.022251 seconds
Number of updated asset objects reloaded before import = 0
Number of asset objects unloaded after import = 3
========================================================================
Received Prepare
Begin MonoManager ReloadAssembly
Symbol file LoadedFromMemory doesn't match image M:\Unity_Folder\Dunamis Game Test\Library\PackageCache\com.unity.visualscripting@1.8.0\Editor\VisualScripting.Core\Dependencies\YamlDotNet\Unity.VisualScripting.YamlDotNet.dll
Symbol file LoadedFromMemory doesn't match image M:\Unity_Folder\Dunamis Game Test\Library\PackageCache\com.unity.visualscripting@1.8.0\Editor\VisualScripting.Core\Dependencies\DotNetZip\Unity.VisualScripting.IonicZip.dll
- Loaded All Assemblies, in  1.236 seconds
Refreshing native plugins compatible for Editor in 7.46 ms, found 4 plugins.
Native extension for WindowsStandalone target not found
Mono: successfully reloaded assembly
- Finished resetting the current domain, in  2.761 seconds
Domain Reload Profiling: 3995ms
	BeginReloadAssembly (258ms)
		ExecutionOrderSort (0ms)
		DisableScriptedObjects (20ms)
		BackupInstance (0ms)
		ReleaseScriptingObjects (0ms)
		CreateAndSetChildDomain (57ms)
	RebuildCommonClasses (49ms)
	RebuildNativeTypeToScriptingClass (16ms)
	initialDomainReloadingComplete (62ms)
	LoadAllAssembliesAndSetupDomain (849ms)
		LoadAssemblies (588ms)
		RebuildTransferFunctionScriptingTraits (0ms)
		AnalyzeDomain (397ms)
			TypeCache.Refresh (384ms)
				TypeCache.ScanAssembly (369ms)
			ScanForSourceGeneratedMonoScriptInfo (4ms)
			ResolveRequiredComponents (10ms)
	FinalizeReload (2762ms)
		ReleaseScriptCaches (0ms)
		RebuildScriptCaches (0ms)
		SetupLoadedEditorAssemblies (1518ms)
			LogAssemblyErrors (0ms)
			InitializePlatformSupportModulesInManaged (16ms)
			SetLoadedEditorAssemblies (15ms)
			RefreshPlugins (0ms)
			BeforeProcessingInitializeOnLoad (369ms)
			ProcessInitializeOnLoadAttributes (1064ms)
			ProcessInitializeOnLoadMethodAttributes (48ms)
			AfterProcessingInitializeOnLoad (6ms)
			EditorAssembliesLoaded (0ms)
		ExecutionOrderSort2 (0ms)
		AwakeInstancesAfterBackupRestoration (43ms)
Refreshing native plugins compatible for Editor in 7.40 ms, found 4 plugins.
Preloading 0 native plugins for Editor in 0.00 ms.
Unloading 3990 Unused Serialized files (Serialized files now loaded: 0)
Unloading 54 unused Assets / (0.9 MB). Loaded Objects now: 4485.
Memory consumption went from 144.6 MB to 143.7 MB.
Total: 4.373100 ms (FindLiveObjects: 0.329800 ms CreateObjectMapping: 0.166600 ms MarkObjects: 3.314900 ms  DeleteObjects: 0.560900 ms)

Prepare: number of updated asset objects reloaded= 0
AssetImportParameters requested are different than current active one (requested -> active):
  custom:container-demuxer-ogg: 62fdf1f143b41e24485cea50d1cbac27 -> 
  custom:video-codec-MediaFoundation-h265: e54d7ab0439102e2317fc1e4b246158d -> 
  custom:video-decoder-ogg-theora: a1e56fd34408186e4bbccfd4996cb3dc -> 
  custom:framework-win-MediaFoundation: 216162199b28c13a410421893ffa2e32 -> 
  custom:container-demuxer-webm: 4f35f7cbe854078d1ac9338744f61a02 -> 
  custom:container-muxer-webm: aa71ff27fc2769a1b78a27578f13a17b -> 
  custom:video-decoder-webm-vp8: 9c59270c3fd7afecdb556c50c9e8de78 -> 
  custom:AudioImporter_EditorPlatform: d09bf68614088b80899f8185d706f6e7 -> 
  custom:video-encoder-webm-vp8: eb34c28f22e8b96e1ab97ce403110664 -> 
  custom:audio-decoder-ogg-vorbis: bf7c407c2cedff20999df2af8eb42d56 -> 
  custom:audio-encoder-webm-vorbis: bf7c407c2cedff20999df2af8eb42d56 -> 
========================================================================
Received Import Request.
  Time since last request: 679.455134 seconds.
  path: Assets/TextMesh Pro/Fonts/kuklipkorean.asset
  artifactKey: Guid(cc7842eb5f459f942928be6638a6ed4b) Importer(815301076,1909f56bfc062723c751e8b465ee728b)
Start importing Assets/TextMesh Pro/Fonts/kuklipkorean.asset using Guid(cc7842eb5f459f942928be6638a6ed4b) Importer(815301076,1909f56bfc062723c751e8b465ee728b)  -> (artifact id: '2679250c05040d10b0cbeedde0189330') in 0.663511 seconds
Number of updated asset objects reloaded before import = 0
Number of asset objects unloaded after import = 8
========================================================================
Received Import Request.
  Time since last request: 2224.134038 seconds.
  path: Assets/03. Resorces/01. Images/01.Sprites/BG/BGTest1.psd
  artifactKey: Guid(0049771d6658ae64db94052bab80ddf6) Importer(815301076,1909f56bfc062723c751e8b465ee728b)
Start importing Assets/03. Resorces/01. Images/01.Sprites/BG/BGTest1.psd using Guid(0049771d6658ae64db94052bab80ddf6) Importer(815301076,1909f56bfc062723c751e8b465ee728b)  -> (artifact id: 'a849c44d559f4e4d8940f4d93449326d') in 0.044243 seconds
Number of updated asset objects reloaded before import = 0
Number of asset objects unloaded after import = 3
========================================================================
Received Import Request.
  Time since last request: 0.000022 seconds.
  path: Assets/03. Resorces/01. Images/01.Sprites/BG/BGTest2.psd
  artifactKey: Guid(c3f39bd19912f37469a89084be3d5660) Importer(815301076,1909f56bfc062723c751e8b465ee728b)
Start importing Assets/03. Resorces/01. Images/01.Sprites/BG/BGTest2.psd using Guid(c3f39bd19912f37469a89084be3d5660) Importer(815301076,1909f56bfc062723c751e8b465ee728b)  -> (artifact id: '60ee9d4b78f50ba5b7234893a7ae7cdc') in 0.027966 seconds
Number of updated asset objects reloaded before import = 0
Number of asset objects unloaded after import = 3
